modules/dharma-blocker/android/build/intermediates/manifest_merge_blame_file/release/processReleaseManifest/manifest-merger-blame-release-report.txt
1<?xml version="1.0" encoding="utf-8"?>
2<manifest xmlns:android="http://schemas.android.com/apk/res/android"
3    xmlns:tools="http://schemas.android.com/tools"
4    package="expo.modules.dharmablocker" >
5
6    <uses-sdk android:minSdkVersion="24" />
7
8    <!-- Permissions required for Dharma Mode -->
9    <uses-permission
9-->src/main/AndroidManifest.xml:5:3-6:89
10        xmlns:tools="http://schemas.android.com/tools"
10-->src/main/AndroidManifest.xml:6:41-87
11        android:name="android.permission.PACKAGE_USAGE_STATS"
11-->src/main/AndroidManifest.xml:5:20-73
12        tools:ignore="ProtectedPermissions" />
12-->src/main/AndroidManifest.xml:6:5-40
13    <uses-permission android:name="android.permission.SYSTEM_ALERT_WINDOW" />
13-->src/main/AndroidManifest.xml:7:3-76
13-->src/main/AndroidManifest.xml:7:20-73
14    <uses-permission android:name="android.permission.FOREGROUND_SERVICE" />
14-->src/main/AndroidManifest.xml:8:3-75
14-->src/main/AndroidManifest.xml:8:20-72
15
16    <application>
16-->src/main/AndroidManifest.xml:10:3-17:17
17
18        <!-- Foreground Service Declaration -->
19        <service
19-->src/main/AndroidManifest.xml:12:5-16:54
20            android:name="expo.modules.dharmablocker.DharmaForegroundService"
20-->src/main/AndroidManifest.xml:13:7-46
21            android:enabled="true"
21-->src/main/AndroidManifest.xml:14:7-29
22            android:exported="false"
22-->src/main/AndroidManifest.xml:15:7-31
23            android:foregroundServiceType="shortService" />
23-->src/main/AndroidManifest.xml:16:7-51
24    </application>
25
26</manifest>